package lab3;

import java.util.*;

public class CntKeyWord {
    static String[] keywordString = {"abstract", "finally", "public",
            "boolean", "float", "return", "break", "for", "short", "byte",
            "goto", "static", "case", "if", "super", "catch", "implements",
            "switch", "char", "import", "synchronized", "class",
            "instanceof", "this", "const", "int", "throw", "continue",
            "interface", "throws", "default", "long", "transient", "do",
            "native", "try", "double", "new", "void", "else", "package",
            "volatile", "extends", "private", "while", "final",
            "protected", "true", "null"};

    public static void main(String[] args) {
        Scanner scanner = new Scanner(System.in);
        Map<String, Integer> map = new HashMap<>();
        List<String> list = Arrays.asList(keywordString);
//        List<String> list = new ArrayList<>(Arrays.asList(keywordString));
        int quatationFlag = 0;
        int cmtFlag = 0;
        int lineCmtFlag = 0;
        while (scanner.hasNext()) {
            String str = scanner.next();
//            if (i == 0) break;
            if (str.equals("****")) {
                break;
            }

//            if(quatationFlag==1||cmtFlag==1){
////                "  "  第一个 是 1，碰到第二个 变 0，就可以数数
//                continue;
//            }
//            /*
            if (str.equals("\"")) {
                if (quatationFlag == 0) {
                    quatationFlag = 1;
                } else {
                    quatationFlag = 0;
//                    可以
//                    if (map.containsKey(str)) {
//                        map.put(str, map.get(str) + 1);
//                    } else {
//                        map.put(str, 1);
//                    }
                }

            } else if (str.equals("/*")) {
                cmtFlag=1;
//                if (cmtFlag == 0) {
//                    cmtFlag = 1;
//                } else {
//                    cmtFlag = 0;
////                    可以
////                    if (map.containsKey(str)) {
////                        map.put(str, map.get(str) + 1);
////                    } else {
////                        map.put(str, 1);
////                    }
//                }
            } else if (str.equals("*/")) {
                cmtFlag=0;
//                if (cmtFlag == 0) {
//                    cmtFlag = 1;
//                } else {
//                    cmtFlag = 0;
////                    可以
////                    if (map.containsKey(str)) {
////                        map.put(str, map.get(str) + 1);
////                    } else {
////                        map.put(str, 1);
////                    }
//                }
            }else if(str.equals("//")){
                lineCmtFlag=1;
            }else if(str.equals("\n")&&lineCmtFlag==1){
                lineCmtFlag=0;
            }

            if (!list.contains(str)) {
                continue;
            }
            if(cmtFlag==1||quatationFlag==1||lineCmtFlag==1){
                continue;
            }
            if (map.containsKey(str)) {
                map.put(str, map.get(str) + 1);
            } else {
                map.put(str, 1);
            }
        }
        System.out.println("map");
        System.out.println(map);
    }
}
****
map
{new=2, package=1, static=2, void=1, import=1, public=2, class=1}